C51 COMPILER V9.54   NUMMODE                                                               05/28/2022 15:51:04 PAGE 1   


C51 COMPILER V9.54, COMPILATION OF MODULE NUMMODE
OBJECT MODULE PLACED IN .\Objects\NumMode.obj
COMPILER INVOKED BY: D:\C51\C51\BIN\C51.EXE NumMode.c OPTIMIZE(8,SPEED) BROWSE DEBUG OBJECTEXTEND PRINT(.\Listings\NumMo
                    -de.lst) TABS(2) OBJECT(.\Objects\NumMode.obj)

line level    source

   1          //#include <REGX52.H>
   2          //#include "LCD1602.h"
   3          //#include "MatrixKey.h"
   4          //#include "Delay.h"
   5          //#include "Buzzer.h"
   6          
   7          //unsigned char KeyNum;
   8          //unsigned int Password,Count,Keyword=1216;
   9          
  10          ///**
  11          //  * @brief:该函数用于进入数字密码键入模式，键入16则会退出该模式
  12          //  * @param:无
  13          //  * @retval:无
  14          //*/
  15          
  16          //void NumMode()
  17          //{
  18          //  LCD_Init();
  19          //  LCD_ShowString(1,1,"Password:");
  20          //  while(1)
  21          //  {
  22          //    KeyNum=MatrixKey();
  23          //    if(KeyNum)
  24          //    {
  25          //      if(KeyNum<=10)  //如果S1~S10按键按下，输入密码
  26          //      {
  27          //        Buzzer_Time(100);
  28          //        if(Count<4) //如果输入次数小于4
  29          //        {
  30          //          Password*=10;       //密码左移一位
  31          //          Password+=KeyNum%10;    //获取一位密码
  32          //          Count++;  //计次加一
  33          //        }
  34          //        LCD_ShowNum(2,1,Password,4);  //更新显示
  35          //      }
  36          //      if(KeyNum==11)  //如果S11按键按下，确认
  37          //      {
  38          //        Buzzer_Time(100);
  39          //        if(Password==Keyword) //如果密码等于正确密码
  40          //        {
  41          //          LCD_ShowString(1,14,"OK "); //显示OK
  42          //          Password=0;   //密码清零
  43          //          Count=0;    //计次清零
  44          //          LCD_ShowNum(2,1,Password,4);  //更新显示
  45          //        }
  46          //        else        //否则
  47          //        {
  48          //          LCD_ShowString(1,14,"ERR"); //显示ERR
  49          //          Password=0;   //密码清零
  50          //          Count=0;    //计次清零
  51          //          LCD_ShowNum(2,1,Password,4);  //更新显示
  52          //        }
  53          //      }
  54          //      if(KeyNum==12)  //如果S12按键按下，取消
C51 COMPILER V9.54   NUMMODE                                                               05/28/2022 15:51:04 PAGE 2   

  55          //      {
  56          //        Buzzer_Time(100);
  57          //        Password=0;   //密码清零
  58          //        Count=0;    //计次清零
  59          //        LCD_ShowNum(2,1,Password,4);  //更新显示
  60          //      }
  61          //      if(KeyNum==16)
  62          //      {
  63          //        Buzzer_Time(100);
  64          //        return;
  65          //      }
  66          //    }
  67          //  }
  68          //}


MODULE INFORMATION:   STATIC OVERLAYABLE
   CODE SIZE        =   ----    ----
   CONSTANT SIZE    =   ----    ----
   XDATA SIZE       =   ----    ----
   PDATA SIZE       =   ----    ----
   DATA SIZE        =   ----    ----
   IDATA SIZE       =   ----    ----
   BIT SIZE         =   ----    ----
END OF MODULE INFORMATION.


C51 COMPILATION COMPLETE.  0 WARNING(S),  0 ERROR(S)
